{"level":"error","message":"Failed to establish email service connection","meta":{"error":{"code":"EDNS","command":"CONN","errno":-3008,"hostname":"smtp.example.com","syscall":"getaddrinfo"}},"timestamp":"2025-02-27 20:06:26"}
{"level":"error","message":"Failed to establish email service connection","meta":{"error":{"code":"EDNS","command":"CONN","errno":-3008,"hostname":"smtp.example.com","syscall":"getaddrinfo"}},"timestamp":"2025-02-27 21:58:39"}
{"level":"error","message":"Failed to establish email service connection","meta":{"error":{"code":"EDNS","command":"CONN","errno":-3008,"hostname":"smtp.example.com","syscall":"getaddrinfo"}},"timestamp":"2025-02-27 22:49:08"}
{"level":"error","message":"Failed to establish email service connection","meta":{"error":{"code":"EDNS","command":"CONN","errno":-3008,"hostname":"smtp.example.com","syscall":"getaddrinfo"}},"timestamp":"2025-02-28 20:51:18"}
{"level":"error","message":"Failed to establish email service connection","meta":{"error":{"code":"EDNS","command":"CONN","errno":-3008,"hostname":"smtp.example.com","syscall":"getaddrinfo"}},"timestamp":"2025-02-28 21:48:05"}
{"level":"error","message":"Failed to establish email service connection","meta":{"error":{"code":"EDNS","command":"CONN","errno":-3008,"hostname":"smtp.example.com","syscall":"getaddrinfo"}},"timestamp":"2025-02-28 21:52:05"}
{"level":"error","message":"Failed to establish email service connection","meta":{"error":{"code":"EDNS","command":"CONN","errno":-3008,"hostname":"smtp.example.com","syscall":"getaddrinfo"}},"timestamp":"2025-02-28 21:53:01"}
{"level":"error","message":"Failed to establish email service connection","meta":{"error":{"code":"EDNS","command":"CONN","errno":-3008,"hostname":"smtp.example.com","syscall":"getaddrinfo"}},"timestamp":"2025-02-28 21:58:27"}
{"level":"error","message":"Failed to establish email service connection","meta":{"error":{"code":"EDNS","command":"CONN","errno":-3008,"hostname":"smtp.example.com","syscall":"getaddrinfo"}},"timestamp":"2025-02-28 21:58:38"}
{"level":"error","message":"Failed to establish email service connection","meta":{"error":{"code":"EDNS","command":"CONN","errno":-3008,"hostname":"smtp.example.com","syscall":"getaddrinfo"}},"timestamp":"2025-02-28 21:59:14"}
{"level":"error","message":"Failed to establish email service connection","meta":{"error":{"code":"EDNS","command":"CONN","errno":-3008,"hostname":"smtp.example.com","syscall":"getaddrinfo"}},"timestamp":"2025-02-28 22:01:43"}
{"level":"error","message":"Failed to establish email service connection","meta":{"error":{"code":"EDNS","command":"CONN","errno":-3008,"hostname":"smtp.example.com","syscall":"getaddrinfo"}},"timestamp":"2025-02-28 22:03:03"}
{"level":"error","message":"Failed to establish email service connection","meta":{"error":{"code":"EDNS","command":"CONN","errno":-3008,"hostname":"smtp.example.com","syscall":"getaddrinfo"}},"timestamp":"2025-02-28 22:06:58"}
{"level":"error","message":"Failed to establish email service connection","meta":{"error":{"code":"EDNS","command":"CONN","errno":-3008,"hostname":"smtp.example.com","syscall":"getaddrinfo"}},"timestamp":"2025-02-28 22:06:58"}
{"level":"error","message":"Failed to establish email service connection","meta":{"error":{"code":"EDNS","command":"CONN","errno":-3008,"hostname":"smtp.example.com","syscall":"getaddrinfo"}},"timestamp":"2025-02-28 22:09:37"}
{"level":"error","message":"Failed to establish email service connection","meta":{"error":{"code":"EDNS","command":"CONN","errno":-3008,"hostname":"smtp.example.com","syscall":"getaddrinfo"}},"timestamp":"2025-02-28 22:09:55"}
{"level":"info","message":"Development email service initialized with Ethereal","meta":{},"timestamp":"2025-02-28 22:19:21"}
{"level":"info","message":"Development email service initialized with Ethereal","meta":{},"timestamp":"2025-02-28 22:20:16"}
{"level":"info","message":"Development email service initialized with Ethereal","meta":{},"timestamp":"2025-02-28 22:20:19"}
{"level":"info","message":"Development email service initialized with Ethereal","meta":{},"timestamp":"2025-02-28 22:20:44"}
{"level":"info","message":"Development email service initialized with Ethereal","meta":{},"timestamp":"2025-02-28 22:21:08"}
{"level":"info","message":"Development email service initialized with Ethereal","meta":{},"timestamp":"2025-02-28 22:21:10"}
{"level":"info","message":"Development email service initialized with Ethereal","meta":{},"timestamp":"2025-02-28 22:21:22"}
{"level":"info","message":"Development email service initialized with Ethereal","meta":{},"timestamp":"2025-02-28 22:25:40"}
{"level":"info","message":"Development email service initialized with Ethereal","meta":{},"timestamp":"2025-02-28 22:28:48"}
{"level":"info","message":"Development email service initialized with Ethereal","meta":{},"timestamp":"2025-02-28 22:29:00"}
{"level":"info","message":"Solicitud para renderizar plantilla: welcome","meta":{},"timestamp":"2025-02-28 22:29:11"}
{"level":"info","message":"Email sent successfully","meta":{"messageId":"<894cd722-bd09-a9b4-b4fb-4eba217c8b68@oasis-app.com>","subject":"Welcome to OASIS - Your account has been created","to":"test@example.com"},"timestamp":"2025-02-28 22:29:15"}
{"level":"info","message":"Email preview available at:","meta":{"previewUrl":"https://ethereal.email/message/Z8KNC8MD4Py9jR8LZ8KNGu.eJjvRCWNWAAAAAXZ0.aEsZtTpsH6iHpfLl5o"},"timestamp":"2025-02-28 22:29:15"}
{"level":"info","message":"Development email service initialized with Ethereal","meta":{},"timestamp":"2025-02-28 22:36:39"}
{"level":"info","message":"Development email service initialized with Ethereal","meta":{},"timestamp":"2025-02-28 22:36:52"}
{"level":"error","message":"Login failed","meta":{"email":"juan@example.com","error":{"errorCode":"AUTHENTICATION_ERROR","isOperational":true,"name":"AuthenticationError","statusCode":401}},"timestamp":"2025-02-28 22:36:57"}
{"level":"error","message":"Login failed","meta":{"email":"juan@example.com","error":{"errorCode":"AUTHENTICATION_ERROR","isOperational":true,"name":"AuthenticationError","statusCode":401}},"timestamp":"2025-02-28 22:37:52"}
{"level":"error","message":"User registration failed","meta":{"email":"maria@example.com","error":{"code":"ER_BAD_FIELD_ERROR","errno":1054,"message":"Unknown column 'firstName' in 'field list'","sql":"INSERT INTO users \n           (firstName, lastName, email, password, role, verificationToken, \n            verificationExpires, isVerified, createdAt) \n           VALUES (NULL, NULL, 'maria@example.com', '$2a$10$jLs3D.ZRkVXaAODZIghPr.abdBlG8/GtAkjkUf0g1QhaeDLEGQge6', 'host', '387a575f593410920cf2db8540c738d60fad2065aaecf5c648528d3bb34854ac', '2025-03-01 22:38:15.240', false, '2025-02-28 22:38:15.244')","sqlMessage":"Unknown column 'firstName' in 'field list'","sqlState":"42S22"}},"timestamp":"2025-02-28 22:38:15"}
{"level":"error","message":"User registration failed","meta":{"email":"carlos@example.com","error":{"code":"ER_BAD_FIELD_ERROR","errno":1054,"message":"Unknown column 'firstName' in 'field list'","sql":"INSERT INTO users \n           (firstName, lastName, email, password, role, verificationToken, \n            verificationExpires, isVerified, createdAt) \n           VALUES (NULL, NULL, 'carlos@example.com', '$2a$10$AZB6ep8LMOCIFsKiJRtn/uyFqXxzOf57TcIX4eMCXSCjQQWWbDXFi', 'host', '2166248f913432461f5b2e1bf1e91b4f84c89fb72901b7d95ab65f613d05b7eb', '2025-03-01 22:39:21.909', false, '2025-02-28 22:39:21.910')","sqlMessage":"Unknown column 'firstName' in 'field list'","sqlState":"42S22"}},"timestamp":"2025-02-28 22:39:21"}
{"level":"error","message":"User registration failed","meta":{"email":"carlos@example.com","error":{"code":"ER_BAD_FIELD_ERROR","errno":1054,"message":"Unknown column 'firstName' in 'field list'","sql":"INSERT INTO users \n           (firstName, lastName, email, password, role, verificationToken, \n            verificationExpires, isVerified, createdAt) \n           VALUES (NULL, NULL, 'carlos@example.com', '$2a$10$HDH1Fxl4YmfO2iMxoyuMT.JeAFr.E9/EZYTxl2hzqTiwahypdFuUi', 'host', '533773820092d9af0d20f496e889296dfd961395865892dd151a69da1f045b64', '2025-03-01 22:39:32.668', false, '2025-02-28 22:39:32.669')","sqlMessage":"Unknown column 'firstName' in 'field list'","sqlState":"42S22"}},"timestamp":"2025-02-28 22:39:32"}
{"level":"error","message":"User registration failed","meta":{"email":"carlos31@example.com","error":{"code":"ER_BAD_FIELD_ERROR","errno":1054,"message":"Unknown column 'firstName' in 'field list'","sql":"INSERT INTO users \n           (firstName, lastName, email, password, role, verificationToken, \n            verificationExpires, isVerified, createdAt) \n           VALUES (NULL, NULL, 'carlos31@example.com', '$2a$10$yQHj/oSnEabSX99iRQhS/.yejh4HdmVxaVr6h6Ay0BkKhzY1vSIz2', 'host', 'fc5660793a6b282a26780165c6183e2fcb18824a775a6bb19dfe7406fa1d6314', '2025-03-01 22:39:40.430', false, '2025-02-28 22:39:40.431')","sqlMessage":"Unknown column 'firstName' in 'field list'","sqlState":"42S22"}},"timestamp":"2025-02-28 22:39:40"}
{"level":"error","message":"User registration failed","meta":{"email":"carlos31@example.com","error":{"code":"ER_BAD_FIELD_ERROR","errno":1054,"message":"Unknown column 'firstName' in 'field list'","sql":"INSERT INTO users \n           (firstName, lastName, email, password, role, verificationToken, \n            verificationExpires, isVerified, createdAt) \n           VALUES (NULL, NULL, 'carlos31@example.com', '$2a$10$8bFKrLBbTdPB8Fw2x4QPT./SRT9xGf4bEOycFi3EE0QAIslXIzqPW', 'host', '3cfde802659eebe46e82f35bdfbd178912e88330bf96e07303f4cc7b7241cfa6', '2025-03-01 22:39:49.531', false, '2025-02-28 22:39:49.532')","sqlMessage":"Unknown column 'firstName' in 'field list'","sqlState":"42S22"}},"timestamp":"2025-02-28 22:39:49"}
{"level":"error","message":"User registration failed","meta":{"email":"carlos31@example.com","error":{"code":"ER_BAD_FIELD_ERROR","errno":1054,"message":"Unknown column 'firstName' in 'field list'","sql":"INSERT INTO users \n           (firstName, lastName, email, password, role, verificationToken, \n            verificationExpires, isVerified, createdAt) \n           VALUES (NULL, NULL, 'carlos31@example.com', '$2a$10$048hcFqTopnt1SSBjjUsWOMxaWJNp3FH8n3wKA0Pwlq0Yynq1j2LW', 'host', '2900efd82aa9dbdeff7c184f314b81575bf5c96406a2e94fe5e6489f15d38885', '2025-03-01 22:40:14.038', false, '2025-02-28 22:40:14.039')","sqlMessage":"Unknown column 'firstName' in 'field list'","sqlState":"42S22"}},"timestamp":"2025-02-28 22:40:14"}
{"level":"info","message":"Development email service initialized with Ethereal","meta":{},"timestamp":"2025-02-28 22:40:29"}
{"level":"error","message":"User registration failed","meta":{"email":"carlos.mendoza@example.com","error":{"code":"ER_BAD_FIELD_ERROR","errno":1054,"message":"Unknown column 'firstName' in 'field list'","sql":"INSERT INTO users \n           (firstName, lastName, email, password, role, verificationToken, \n            verificationExpires, isVerified, createdAt) \n           VALUES (NULL, NULL, 'carlos.mendoza@example.com', '$2a$10$g56l.KeXfwh9E4U7/V.gO.BC9Zz90iOljcyLSkOeias/xzME/eq/u', 'guest', '556d9df26900501ea4d2408eaaf1e18a31fa56a7b59a3884e5f2953ce90fa75e', '2025-03-01 22:42:07.261', false, '2025-02-28 22:42:07.265')","sqlMessage":"Unknown column 'firstName' in 'field list'","sqlState":"42S22"}},"timestamp":"2025-02-28 22:42:07"}
{"level":"info","message":"Development email service initialized with Ethereal","meta":{},"timestamp":"2025-02-28 22:42:18"}
{"level":"error","message":"User registration failed","meta":{"email":"carlos.mendoza@example.com","error":{"code":"ER_BAD_FIELD_ERROR","errno":1054,"message":"Unknown column 'firstName' in 'field list'","sql":"INSERT INTO users \n           (firstName, lastName, email, password, role, verificationToken, \n            verificationExpires, isVerified, createdAt) \n           VALUES (NULL, NULL, 'carlos.mendoza@example.com', '$2a$10$m/LRAn/3i/rR.mjLnEeMAOlNmwIyIYhdDDeDv8nBZVkll9ElJePza', 'guest', 'bb06cccc54d3c07261e1f2cf4ce11857198f94ee196d819bbcd2e2dc44ecd14a', '2025-03-01 22:42:24.840', false, '2025-02-28 22:42:24.841')","sqlMessage":"Unknown column 'firstName' in 'field list'","sqlState":"42S22"}},"timestamp":"2025-02-28 22:42:24"}
{"level":"info","message":"Development email service initialized with Ethereal","meta":{},"timestamp":"2025-02-28 22:44:57"}
{"level":"info","message":"Development email service initialized with Ethereal","meta":{},"timestamp":"2025-02-28 22:45:00"}
{"level":"info","message":"Development email service initialized with Ethereal","meta":{},"timestamp":"2025-02-28 22:46:27"}
{"level":"info","message":"Development email service initialized with Ethereal","meta":{},"timestamp":"2025-02-28 22:47:04"}
{"level":"info","message":"Development email service initialized with Ethereal","meta":{},"timestamp":"2025-02-28 22:47:05"}
{"level":"info","message":"Development email service initialized with Ethereal","meta":{},"timestamp":"2025-02-28 22:47:35"}
{"level":"info","message":"Development email service initialized with Ethereal","meta":{},"timestamp":"2025-02-28 22:47:42"}
{"level":"info","message":"Development email service initialized with Ethereal","meta":{},"timestamp":"2025-02-28 22:47:56"}
{"level":"error","message":"User registration failed","meta":{"email":"carlos.mendoza@example.com","error":{"code":"ER_BAD_FIELD_ERROR","errno":1054,"message":"Unknown column 'firstName' in 'field list'","sql":"INSERT INTO users \n           (firstName, lastName, email, role, verificationToken, \n            verificationExpires, isVerified, createdAt) \n           VALUES (NULL, NULL, 'carlos.mendoza@example.com', 'guest', '87d335262479af066365820413e67977f9d781002323100c05cbc341828efe00', '2025-03-01 22:48:01.181', false, '2025-02-28 22:48:01.182')","sqlMessage":"Unknown column 'firstName' in 'field list'","sqlState":"42S22"}},"timestamp":"2025-02-28 22:48:01"}
{"level":"info","message":"Development email service initialized with Ethereal","meta":{},"timestamp":"2025-03-03 20:15:02"}
{"level":"info","message":"Development email service initialized with Ethereal","meta":{},"timestamp":"2025-03-03 20:25:52"}
{"level":"error","message":"Login failed","meta":{"email":"demo@example.com","error":{"errorCode":"AUTHENTICATION_ERROR","isOperational":true,"name":"AuthenticationError","statusCode":401}},"timestamp":"2025-03-03 21:55:59"}
{"level":"error","message":"Login failed","meta":{"email":"client@example.com","error":{"errorCode":"AUTHENTICATION_ERROR","isOperational":true,"name":"AuthenticationError","statusCode":401}},"timestamp":"2025-03-04 00:00:05"}
{"level":"error","message":"Login failed","meta":{"email":"client@example.com","error":{"errorCode":"AUTHENTICATION_ERROR","isOperational":true,"name":"AuthenticationError","statusCode":401}},"timestamp":"2025-03-04 00:00:32"}
{"level":"error","message":"Login failed","meta":{"email":"demo@example.com","error":{"errorCode":"AUTHENTICATION_ERROR","isOperational":true,"name":"AuthenticationError","statusCode":401}},"timestamp":"2025-03-04 00:03:22"}
{"level":"error","message":"Login failed","meta":{"email":"demo@example.com","error":{"errorCode":"AUTHENTICATION_ERROR","isOperational":true,"name":"AuthenticationError","statusCode":401}},"timestamp":"2025-03-04 00:03:24"}
{"level":"error","message":"Login failed","meta":{"email":"demo@example.com","error":{"errorCode":"AUTHENTICATION_ERROR","isOperational":true,"name":"AuthenticationError","statusCode":401}},"timestamp":"2025-03-04 00:03:25"}
{"level":"error","message":"Login failed","meta":{"email":"cliente@example.com","error":{"code":"ER_ACCESS_DENIED_ERROR","errno":1045,"message":"Access denied for user 'root'@'localhost' (using password: YES)","sqlMessage":"Access denied for user 'root'@'localhost' (using password: YES)","sqlState":"28000"}},"timestamp":"2025-03-08 17:49:14"}
{"level":"error","message":"Login failed","meta":{"email":"cliente@example.com","error":{"errorCode":"AUTHENTICATION_ERROR","isOperational":true,"name":"AuthenticationError","statusCode":401}},"timestamp":"2025-03-08 20:53:14"}
{"level":"error","message":"Failed to check availability","meta":{"endDate":"2025-10-01T00:00:00.000Z","error":{"code":"ER_BAD_FIELD_ERROR","errno":1054,"message":"Unknown column 'propertyId' in 'where clause'","sql":"SELECT * FROM bookings \n         WHERE propertyId = 1 \n         AND status IN ('pending', 'confirmed') \n         AND ((startDate < '2025-09-30 18:00:00.000' AND endDate > '2025-03-31 18:00:00.000') OR \n              (startDate >= '2025-03-31 18:00:00.000' AND startDate < '2025-09-30 18:00:00.000'))","sqlMessage":"Unknown column 'propertyId' in 'where clause'","sqlState":"42S22"},"propertyId":1,"startDate":"2025-04-01T00:00:00.000Z"},"timestamp":"2025-03-23 00:00:07"}
{"level":"error","message":"Failed to find bookings","meta":{"error":{"code":"ER_PARSE_ERROR","errno":1064,"message":"You have an error in your SQL syntax; check the manual that corresponds to your MySQL server version for the right syntax to use near ', 'confirmed' ORDER BY createdAt DESC LIMIT 10 OFFSET 0' at line 1","sql":"SELECT * FROM bookings WHERE 1=1 AND userId = '7' AND status = 'pending', 'confirmed' ORDER BY createdAt DESC LIMIT 10 OFFSET 0","sqlMessage":"You have an error in your SQL syntax; check the manual that corresponds to your MySQL server version for the right syntax to use near ', 'confirmed' ORDER BY createdAt DESC LIMIT 10 OFFSET 0' at line 1","sqlState":"42000"},"filters":{"status":["pending","confirmed"],"userId":"7"}},"timestamp":"2025-03-23 12:56:53"}
{"level":"info","message":"Booking status updated","meta":{"bookingId":46,"newStatus":"completed","oldStatus":"confirmed","updatedBy":7},"timestamp":"2025-03-26 00:48:56"}
{"level":"info","message":"Booking status updated","meta":{"bookingId":44,"newStatus":"completed","oldStatus":"confirmed","updatedBy":7},"timestamp":"2025-03-26 17:51:43"}
{"level":"info","message":"Booking status updated","meta":{"bookingId":33,"newStatus":"completed","oldStatus":"confirmed","updatedBy":7},"timestamp":"2025-03-26 17:58:06"}
{"level":"info","message":"Booking status updated","meta":{"bookingId":49,"newStatus":"completed","oldStatus":"confirmed","updatedBy":7},"timestamp":"2025-03-26 18:05:21"}
{"level":"info","message":"Booking status updated","meta":{"bookingId":50,"newStatus":"completed","oldStatus":"confirmed","updatedBy":7},"timestamp":"2025-03-26 19:13:32"}
